<?xml version="1.0" encoding="UTF-8"?>
<!-- Generated by org.testng.reporters.JUnitXMLReporter -->
<testsuite hostname="MT-KHI-17" ignored="0" name="Demo" tests="1" failures="0" timestamp="28 Mar 2018 07:21:51 GMT" time="6.972" errors="0">
  <testcase name="@AfterMethod getResult" time="0.002" classname="au.com.miracletek.tests.FinalSmokeTests">
    <failure type="java.lang.NullPointerException">
      <![CDATA[java.lang.NullPointerException
	at au.com.miracletek.tests.FinalSmokeTests.getResult(FinalSmokeTests.java:150)
... Removed 30 stack frames]]>
    </failure>
  </testcase> <!-- @AfterMethod getResult -->
  <testcase name="@AfterTest stopDriver" time="0.0" classname="au.com.miracletek.tests.FinalSmokeTests">
    <skipped/>
  </testcase> <!-- @AfterTest stopDriver -->
  <testcase name="Test01" time="0.008" classname="au.com.miracletek.tests.FinalSmokeTests"/>
</testsuite> <!-- Demo -->
