<?xml version="1.0" encoding="UTF-8"?>
<testng-results skipped="0" failed="0" ignored="0" total="1" passed="1">
  <reporter-output>
  </reporter-output>
  <suite name="Suite" duration-ms="6972" started-at="2018-03-28T07:21:44Z" finished-at="2018-03-28T07:21:51Z">
    <groups>
    </groups>
    <test name="Demo" duration-ms="6972" started-at="2018-03-28T07:21:44Z" finished-at="2018-03-28T07:21:51Z">
      <class name="au.com.miracletek.tests.FinalSmokeTests">
        <test-method status="PASS" signature="setupDriverConfigAndStartAppiumServer(java.lang.String, java.lang.String, java.lang.String, java.lang.String, java.lang.String, java.lang.String, java.lang.String, java.lang.String, java.lang.String, java.lang.String, int)[pri:0, instance:au.com.miracletek.tests.FinalSmokeTests@627551fb]" name="setupDriverConfigAndStartAppiumServer" is-config="true" duration-ms="3791" started-at="2018-03-28T12:21:40Z" finished-at="2018-03-28T12:21:44Z">
          <params>
            <param index="0">
              <value>
                <![CDATA[PLATFORM_ANDROID]]>
              </value>
            </param>
            <param index="1">
              <value>
                <![CDATA[Android]]>
              </value>
            </param>
            <param index="2">
              <value>
                <![CDATA[6.0.1]]>
              </value>
            </param>
            <param index="3">
              <value>
                <![CDATA[0628a315002e172e]]>
              </value>
            </param>
            <param index="4">
              <value>
                <![CDATA[co.miracletek.miracle.prd-Signed.apk]]>
              </value>
            </param>
            <param index="5">
              <value>
                <![CDATA[co.miracletek.miracle.prd]]>
              </value>
            </param>
            <param index="6">
              <value>
                <![CDATA[md5416f8fc9705f945d05f173ad9594b81d.SplashActivity]]>
              </value>
            </param>
            <param index="7">
              <value>
                <![CDATA[]]>
              </value>
            </param>
            <param index="8">
              <value>
                <![CDATA[]]>
              </value>
            </param>
            <param index="9">
              <value>
                <![CDATA[127.0.0.1]]>
              </value>
            </param>
            <param index="10">
              <value>
                <![CDATA[4723]]>
              </value>
            </param>
          </params>
          <reporter-output>
          </reporter-output>
        </test-method> <!-- setupDriverConfigAndStartAppiumServer -->
        <test-method status="PASS" signature="setupDriver()[pri:0, instance:au.com.miracletek.tests.FinalSmokeTests@627551fb]" name="setupDriver" is-config="true" duration-ms="6837" started-at="2018-03-28T12:21:44Z" finished-at="2018-03-28T12:21:51Z">
          <reporter-output>
          </reporter-output>
        </test-method> <!-- setupDriver -->
        <test-method status="PASS" signature="Test01()[pri:0, instance:au.com.miracletek.tests.FinalSmokeTests@627551fb]" name="Test01" duration-ms="8" started-at="2018-03-28T12:21:51Z" finished-at="2018-03-28T12:21:51Z">
          <reporter-output>
          </reporter-output>
        </test-method> <!-- Test01 -->
        <test-method status="FAIL" signature="getResult(org.testng.ITestResult)[pri:0, instance:au.com.miracletek.tests.FinalSmokeTests@627551fb]" name="getResult" is-config="true" duration-ms="2" started-at="2018-03-28T12:21:51Z" finished-at="2018-03-28T12:21:51Z">
          <params>
            <param index="0">
              <value>
                <![CDATA[[TestResult name=Test01 status=SUCCESS method=FinalSmokeTests.Test01()[pri:0, instance:au.com.miracletek.tests.FinalSmokeTests@627551fb] output={null}]]]>
              </value>
            </param>
          </params>
          <exception class="java.lang.NullPointerException">
            <full-stacktrace>
              <![CDATA[java.lang.NullPointerException
	at au.com.miracletek.tests.FinalSmokeTests.getResult(FinalSmokeTests.java:150)
	at sun.reflect.NativeMethodAccessorImpl.invoke0(Native Method)
	at sun.reflect.NativeMethodAccessorImpl.invoke(NativeMethodAccessorImpl.java:62)
	at sun.reflect.DelegatingMethodAccessorImpl.invoke(DelegatingMethodAccessorImpl.java:43)
	at java.lang.reflect.Method.invoke(Method.java:498)
	at org.testng.internal.MethodInvocationHelper.invokeMethod(MethodInvocationHelper.java:108)
	at org.testng.internal.Invoker.invokeConfigurationMethod(Invoker.java:523)
	at org.testng.internal.Invoker.invokeConfigurations(Invoker.java:224)
	at org.testng.internal.Invoker.invokeMethod(Invoker.java:723)
	at org.testng.internal.Invoker.invokeTestMethod(Invoker.java:869)
	at org.testng.internal.Invoker.invokeTestMethods(Invoker.java:1193)
	at org.testng.internal.TestMethodWorker.invokeTestMethods(TestMethodWorker.java:126)
	at org.testng.internal.TestMethodWorker.run(TestMethodWorker.java:109)
	at org.testng.TestRunner.privateRun(TestRunner.java:744)
	at org.testng.TestRunner.run(TestRunner.java:602)
	at org.testng.SuiteRunner.runTest(SuiteRunner.java:380)
	at org.testng.SuiteRunner.runSequentially(SuiteRunner.java:375)
	at org.testng.SuiteRunner.privateRun(SuiteRunner.java:340)
	at org.testng.SuiteRunner.run(SuiteRunner.java:289)
	at org.testng.SuiteRunnerWorker.runSuite(SuiteRunnerWorker.java:52)
	at org.testng.SuiteRunnerWorker.run(SuiteRunnerWorker.java:86)
	at org.testng.TestNG.runSuitesSequentially(TestNG.java:1301)
	at org.testng.TestNG.runSuitesLocally(TestNG.java:1226)
	at org.testng.TestNG.runSuites(TestNG.java:1144)
	at org.testng.TestNG.run(TestNG.java:1115)
	at org.apache.maven.surefire.testng.TestNGExecutor.run(TestNGExecutor.java:295)
	at org.apache.maven.surefire.testng.TestNGXmlTestSuite.execute(TestNGXmlTestSuite.java:84)
	at org.apache.maven.surefire.testng.TestNGProvider.invoke(TestNGProvider.java:90)
	at org.apache.maven.surefire.booter.ForkedBooter.invokeProviderInSameClassLoader(ForkedBooter.java:203)
	at org.apache.maven.surefire.booter.ForkedBooter.runSuitesInProcess(ForkedBooter.java:155)
	at org.apache.maven.surefire.booter.ForkedBooter.main(ForkedBooter.java:103)
]]>
            </full-stacktrace>
          </exception> <!-- java.lang.NullPointerException -->
          <reporter-output>
          </reporter-output>
        </test-method> <!-- getResult -->
        <test-method status="SKIP" signature="stopDriver()[pri:0, instance:au.com.miracletek.tests.FinalSmokeTests@627551fb]" name="stopDriver" is-config="true" duration-ms="0" started-at="2018-03-28T12:21:51Z" finished-at="2018-03-28T12:21:51Z">
          <reporter-output>
          </reporter-output>
        </test-method> <!-- stopDriver -->
        <test-method status="SKIP" signature="closeAppiumServer()[pri:0, instance:au.com.miracletek.tests.FinalSmokeTests@627551fb]" name="closeAppiumServer" is-config="true" duration-ms="0" started-at="2018-03-28T12:21:51Z" finished-at="2018-03-28T12:21:51Z">
          <reporter-output>
          </reporter-output>
        </test-method> <!-- closeAppiumServer -->
      </class> <!-- au.com.miracletek.tests.FinalSmokeTests -->
    </test> <!-- Demo -->
  </suite> <!-- Suite -->
</testng-results>
